0 info it worked if it ends with ok
1 verbose cli [ '/usr/bin/node',
1 verbose cli   '/usr/bin/npm',
1 verbose cli   'install',
1 verbose cli   '-g',
1 verbose cli   'browser-sync' ]
2 info using npm@1.4.28
3 info using node@v0.10.39
4 verbose node symlink /usr/bin/node
5 verbose cache add [ 'browser-sync', null ]
6 verbose cache add name=undefined spec="browser-sync" args=["browser-sync",null]
7 verbose parsed url { protocol: null,
7 verbose parsed url   slashes: null,
7 verbose parsed url   auth: null,
7 verbose parsed url   host: null,
7 verbose parsed url   port: null,
7 verbose parsed url   hostname: null,
7 verbose parsed url   hash: null,
7 verbose parsed url   search: null,
7 verbose parsed url   query: null,
7 verbose parsed url   pathname: 'browser-sync',
7 verbose parsed url   path: 'browser-sync',
7 verbose parsed url   href: 'browser-sync' }
8 silly lockFile 6d7be3df-browser-sync browser-sync
9 verbose lock browser-sync /home/alexi/.npm/6d7be3df-browser-sync.lock
10 silly lockFile 6d7be3df-browser-sync browser-sync
11 silly lockFile 6d7be3df-browser-sync browser-sync
12 verbose addNamed [ 'browser-sync', '' ]
13 verbose addNamed [ null, '*' ]
14 silly lockFile 6373e9ab-browser-sync browser-sync@
15 verbose lock browser-sync@ /home/alexi/.npm/6373e9ab-browser-sync.lock
16 silly addNameRange { name: 'browser-sync', range: '*', hasData: false }
17 verbose request where is /browser-sync
18 verbose request registry https://registry.npmjs.org/
19 verbose request id bdb041aa71a9f116
20 verbose url raw /browser-sync
21 verbose url resolving [ 'https://registry.npmjs.org/', './browser-sync' ]
22 verbose url resolved https://registry.npmjs.org/browser-sync
23 verbose request where is https://registry.npmjs.org/browser-sync
24 info trying registry request attempt 1 at 18:00:31
25 verbose etag "9PKOP3XZFN36NKZZFZ6G88CNW"
26 http GET https://registry.npmjs.org/browser-sync
27 info retry will retry, error on last attempt: Error: getaddrinfo ENOTFOUND
28 info trying registry request attempt 2 at 18:01:02
29 verbose etag "9PKOP3XZFN36NKZZFZ6G88CNW"
30 http GET https://registry.npmjs.org/browser-sync
31 info retry will retry, error on last attempt: Error: getaddrinfo ENOTFOUND
32 info trying registry request attempt 3 at 18:02:22
33 verbose etag "9PKOP3XZFN36NKZZFZ6G88CNW"
34 http GET https://registry.npmjs.org/browser-sync
35 silly registry.get cb [ 304, undefined ]
36 verbose etag https://registry.npmjs.org/browser-sync from cache
37 silly addNameRange number 2 { name: 'browser-sync', range: '*', hasData: true }
38 silly addNameRange versions [ 'browser-sync',
38 silly addNameRange   [ '0.1.0',
38 silly addNameRange     '0.1.1',
38 silly addNameRange     '0.1.3',
38 silly addNameRange     '0.1.5',
38 silly addNameRange     '0.1.6',
38 silly addNameRange     '0.1.7',
38 silly addNameRange     '0.1.8',
38 silly addNameRange     '0.1.9',
38 silly addNameRange     '0.1.10',
38 silly addNameRange     '0.2.0',
38 silly addNameRange     '0.2.1',
38 silly addNameRange     '0.3.0',
38 silly addNameRange     '0.3.1',
38 silly addNameRange     '0.3.2',
38 silly addNameRange     '0.3.3',
38 silly addNameRange     '0.3.4',
38 silly addNameRange     '0.3.5',
38 silly addNameRange     '0.3.6',
38 silly addNameRange     '0.3.7',
38 silly addNameRange     '0.3.8',
38 silly addNameRange     '0.3.10',
38 silly addNameRange     '0.4.0',
38 silly addNameRange     '0.4.1',
38 silly addNameRange     '0.4.2',
38 silly addNameRange     '0.4.21',
38 silly addNameRange     '0.4.3',
38 silly addNameRange     '0.4.4',
38 silly addNameRange     '0.4.5',
38 silly addNameRange     '0.4.6',
38 silly addNameRange     '0.4.7',
38 silly addNameRange     '0.4.8',
38 silly addNameRange     '0.4.9',
38 silly addNameRange     '0.4.10',
38 silly addNameRange     '0.4.11',
38 silly addNameRange     '0.4.12',
38 silly addNameRange     '0.5.0',
38 silly addNameRange     '0.5.1',
38 silly addNameRange     '0.5.2',
38 silly addNameRange     '0.5.3',
38 silly addNameRange     '0.5.4',
38 silly addNameRange     '0.5.5',
38 silly addNameRange     '0.5.6',
38 silly addNameRange     '0.5.7',
38 silly addNameRange     '0.5.8',
38 silly addNameRange     '0.5.9',
38 silly addNameRange     '0.6.0',
38 silly addNameRange     '0.6.1',
38 silly addNameRange     '0.6.2',
38 silly addNameRange     '0.7.0',
38 silly addNameRange     '0.7.1',
38 silly addNameRange     '0.7.2',
38 silly addNameRange     '0.7.3',
38 silly addNameRange     '0.7.4',
38 silly addNameRange     '0.7.5',
38 silly addNameRange     '0.7.7',
38 silly addNameRange     '0.8.0',
38 silly addNameRange     '0.8.1',
38 silly addNameRange     '0.8.2',
38 silly addNameRange     '0.9.0',
38 silly addNameRange     '0.9.1',
38 silly addNameRange     '1.0.0',
38 silly addNameRange     '1.1.0',
38 silly addNameRange     '1.1.1',
38 silly addNameRange     '1.1.2',
38 silly addNameRange     '1.2.0',
38 silly addNameRange     '1.2.1',
38 silly addNameRange     '1.3.0',
38 silly addNameRange     '1.3.2',
38 silly addNameRange     '1.3.3',
38 silly addNameRange     '1.3.4',
38 silly addNameRange     '1.3.5',
38 silly addNameRange     '1.3.6',
38 silly addNameRange     '1.3.7',
38 silly addNameRange     '1.5.0',
38 silly addNameRange     '1.5.1',
38 silly addNameRange     '1.5.2',
38 silly addNameRange     '1.5.3',
38 silly addNameRange     '1.5.4',
38 silly addNameRange     '1.5.5',
38 silly addNameRange     '1.5.6',
38 silly addNameRange     '1.5.7',
38 silly addNameRange     '1.5.8',
38 silly addNameRange     '1.5.9',
38 silly addNameRange     '1.6.0',
38 silly addNameRange     '1.6.1',
38 silly addNameRange     '1.6.2',
38 silly addNameRange     '1.6.3',
38 silly addNameRange     '1.6.4',
38 silly addNameRange     '1.6.5',
38 silly addNameRange     '1.7.0',
38 silly addNameRange     '1.7.1',
38 silly addNameRange     '1.7.2',
38 silly addNameRange     '1.7.3',
38 silly addNameRange     '1.8.0',
38 silly addNameRange     '1.8.1',
38 silly addNameRange     '1.8.2',
38 silly addNameRange     '1.8.3',
38 silly addNameRange     '1.9.0',
38 silly addNameRange     '1.9.1',
38 silly addNameRange     '2.0.0-rc1',
38 silly addNameRange     '2.0.0-rc2',
38 silly addNameRange     '2.0.0-rc3',
38 silly addNameRange     '2.0.0-rc4',
38 silly addNameRange     '2.0.0-rc5',
38 silly addNameRange     '2.0.0-rc6',
38 silly addNameRange     '2.0.0-rc7',
38 silly addNameRange     '2.0.0-rc8',
38 silly addNameRange     '2.0.0-rc9',
38 silly addNameRange     '2.0.0-rc10',
38 silly addNameRange     '2.0.0',
38 silly addNameRange     '2.0.1',
38 silly addNameRange     '2.1.0',
38 silly addNameRange     '2.1.1',
38 silly addNameRange     '2.1.2',
38 silly addNameRange     '2.1.3',
38 silly addNameRange     '2.1.4',
38 silly addNameRange     '2.1.6',
38 silly addNameRange     '2.2.0',
38 silly addNameRange     '2.2.1',
38 silly addNameRange     '2.2.2',
38 silly addNameRange     '2.2.3',
38 silly addNameRange     '2.2.4',
38 silly addNameRange     '2.2.5',
38 silly addNameRange     '2.3.0',
38 silly addNameRange     '2.3.1',
38 silly addNameRange     '2.3.2',
38 silly addNameRange     '2.4.0',
38 silly addNameRange     '2.4.1',
38 silly addNameRange     '2.5.0',
38 silly addNameRange     '2.5.1',
38 silly addNameRange     '2.5.2',
38 silly addNameRange     '2.5.3',
38 silly addNameRange     '2.6.0',
38 silly addNameRange     '2.6.1',
38 silly addNameRange     '2.6.2',
38 silly addNameRange     '2.6.3',
38 silly addNameRange     '2.6.4',
38 silly addNameRange     '2.6.5',
38 silly addNameRange     '2.6.6',
38 silly addNameRange     '1.9.2',
38 silly addNameRange     '2.6.7',
38 silly addNameRange     '2.6.8',
38 silly addNameRange     '2.6.9',
38 silly addNameRange     '2.6.10',
38 silly addNameRange     '2.6.11',
38 silly addNameRange     '2.7.0',
38 silly addNameRange     '2.7.1',
38 silly addNameRange     '2.7.2',
38 silly addNameRange     '2.7.3',
38 silly addNameRange     '2.7.4',
38 silly addNameRange     '2.7.5',
38 silly addNameRange     '2.7.6',
38 silly addNameRange     '2.7.7',
38 silly addNameRange     '2.7.8',
38 silly addNameRange     '2.7.9',
38 silly addNameRange     '2.7.10',
38 silly addNameRange     '2.7.11',
38 silly addNameRange     '2.7.12',
38 silly addNameRange     '2.7.13' ] ]
39 verbose addNamed [ 'browser-sync', '2.7.13' ]
40 verbose addNamed [ '2.7.13', '2.7.13' ]
41 silly lockFile 542fd5b8-browser-sync-2-7-13 browser-sync@2.7.13
42 verbose lock browser-sync@2.7.13 /home/alexi/.npm/542fd5b8-browser-sync-2-7-13.lock
43 silly lockFile e99f1004-ser-sync-browser-sync-2-7-13-tgz https://registry.npmjs.org/browser-sync/-/browser-sync-2.7.13.tgz
44 verbose lock https://registry.npmjs.org/browser-sync/-/browser-sync-2.7.13.tgz /home/alexi/.npm/e99f1004-ser-sync-browser-sync-2-7-13-tgz.lock
45 verbose addRemoteTarball [ 'https://registry.npmjs.org/browser-sync/-/browser-sync-2.7.13.tgz',
45 verbose addRemoteTarball   '3f805c3137fac6fb6d1a50a82d93ea2de3455da4' ]
46 info retry fetch attempt 1 at 18:02:42
47 verbose fetch to= /tmp/npm-3136-iB5weuKQ/registry.npmjs.org/browser-sync/-/browser-sync-2.7.13.tgz
48 http GET https://registry.npmjs.org/browser-sync/-/browser-sync-2.7.13.tgz
49 error fetch failed https://registry.npmjs.org/browser-sync/-/browser-sync-2.7.13.tgz
50 info retry will retry, error on last attempt: Error: getaddrinfo ENOTFOUND
51 info retry fetch attempt 2 at 18:03:12
52 verbose fetch to= /tmp/npm-3136-iB5weuKQ/registry.npmjs.org/browser-sync/-/browser-sync-2.7.13.tgz
53 http GET https://registry.npmjs.org/browser-sync/-/browser-sync-2.7.13.tgz
54 error fetch failed https://registry.npmjs.org/browser-sync/-/browser-sync-2.7.13.tgz
55 info retry will retry, error on last attempt: Error: getaddrinfo ENOTFOUND
56 info retry fetch attempt 3 at 18:04:32
57 verbose fetch to= /tmp/npm-3136-iB5weuKQ/registry.npmjs.org/browser-sync/-/browser-sync-2.7.13.tgz
58 http GET https://registry.npmjs.org/browser-sync/-/browser-sync-2.7.13.tgz
59 error fetch failed https://registry.npmjs.org/browser-sync/-/browser-sync-2.7.13.tgz
60 silly lockFile e99f1004-ser-sync-browser-sync-2-7-13-tgz https://registry.npmjs.org/browser-sync/-/browser-sync-2.7.13.tgz
61 silly lockFile e99f1004-ser-sync-browser-sync-2-7-13-tgz https://registry.npmjs.org/browser-sync/-/browser-sync-2.7.13.tgz
62 silly lockFile 542fd5b8-browser-sync-2-7-13 browser-sync@2.7.13
63 silly lockFile 542fd5b8-browser-sync-2-7-13 browser-sync@2.7.13
64 silly lockFile 6373e9ab-browser-sync browser-sync@
65 silly lockFile 6373e9ab-browser-sync browser-sync@
66 error network getaddrinfo ENOTFOUND
66 error network This is most likely not a problem with npm itself
66 error network and is related to network connectivity.
66 error network In most cases you are behind a proxy or have bad network settings.
66 error network
66 error network If you are behind a proxy, please make sure that the
66 error network 'proxy' config is set properly.  See: 'npm help config'
67 error System Linux 3.16.0-31-generic
68 error command "/usr/bin/node" "/usr/bin/npm" "install" "-g" "browser-sync"
69 error cwd /home/alexi/Рабочий стол/landingPortfolio1
70 error node -v v0.10.39
71 error npm -v 1.4.28
72 error syscall getaddrinfo
73 error code ENOTFOUND
74 error errno ENOTFOUND
75 verbose exit [ 1, true ]
